

Microchip Technology PIC18 LITE Macro Assembler V1.32 build 58300 
                                                                                               Wed Oct 01 09:36:25 2014

Microchip Technology Omniscient Code Generator (Lite mode) build 58300
     1                           	processor	18F4550
     2                           	fnconf	rparam,??,?,0
     3                           	opt	pw 120
     4                           	opt	lm
     5                           	psect	text0,global,reloc=2,class=CODE,delta=1
     6                           	psect	cinit,global,reloc=2,class=CODE,delta=1
     7                           	psect	cstackCOMRAM,global,class=COMRAM,space=1,delta=1
     8                           	psect	text1,global,reloc=2,class=CODE,delta=1
     9                           	psect	text2,global,reloc=2,class=CODE,delta=1
    10                           	psect	text3,global,reloc=2,class=CODE,delta=1
    11                           	psect	text4,global,reloc=2,class=CODE,delta=1
    12                           	psect	text5,global,reloc=2,class=CODE,delta=1
    13                           	psect	text6,global,reloc=2,class=CODE,delta=1
    14                           	psect	intsave_regs,global,class=BIGRAM,space=1,delta=1
    15                           	psect	rparam,global,class=COMRAM,space=1,delta=1
    16  0000                     _CCP1CON	set	4029
    17  0000                     _CCPR1L	set	4030
    18  0000                     _PR2	set	4043
    19  0000                     _T2CONbits	set	4042
    20  0000                     _TRISCbits	set	3988
    21  0000                     _TRISDbits	set	3989
    22                           
    23 ;;
    24 ;;Main: autosize = 0, tempsize = 0, incstack = 0, save=0
    25 ;;
    26 ;; *************** function _main *****************
    27 ;; Defined at:
    28 ;;		line 20 in file "main.c"
    29 ;; Parameters:    Size  Location     Type
    30 ;;		None
    31 ;; Auto vars:     Size  Location     Type
    32 ;;  Duty_cycle      2    8[COMRAM] unsigned int 
    33 ;;  period          1   12[COMRAM] unsigned char 
    34 ;;  mode            1   11[COMRAM] unsigned char 
    35 ;;  config          1   10[COMRAM] unsigned char 
    36 ;; Return value:  Size  Location     Type
    37 ;;		None               void
    38 ;; Registers used:
    39 ;;		wreg, status,2, status,0, cstack
    40 ;; Tracked objects:
    41 ;;		On entry : 0/0
    42 ;;		On exit  : 0/0
    43 ;;		Unchanged: 0/0
    44 ;; Data sizes:     COMRAM   BANK0   BANK1   BANK2   BANK3   BANK4   BANK5   BANK6   BANK7
    45 ;;      Params:         0       0       0       0       0       0       0       0       0
    46 ;;      Locals:         5       0       0       0       0       0       0       0       0
    47 ;;      Temps:          0       0       0       0       0       0       0       0       0
    48 ;;      Totals:         5       0       0       0       0       0       0       0       0
    49 ;;Total ram usage:        5 bytes
    50 ;; Hardware stack levels required when called:    3
    51 ;; This function calls:
    52 ;;		_OpenPWM1
    53 ;;		_PwmCycle
    54 ;;		_SetOutputPWM1
    55 ;; This function is called by:
    56 ;;		Startup code after reset
    57 ;; This function uses a non-reentrant model
    58 ;;
    59                           
    60                           	psect	text0
    61  007F46                     __ptext0:
    62                           	opt stack 0
    63  007F46                     _main:
    64                           	opt stack 28
    65                           
    66                           ;main.c: 22: unsigned char period = 0x4E;
    67                           
    68                           ;incstack = 0
    69  007F46  0E4E               	movlw	78
    70  007F48  6E0D               	movwf	main@period,c
    71                           
    72                           ;main.c: 23: unsigned int Duty_cycle = 0x00;
    73  007F4A  0E00               	movlw	0
    74  007F4C  6E0A               	movwf	main@Duty_cycle+1,c
    75  007F4E  0E00               	movlw	0
    76  007F50  6E09               	movwf	main@Duty_cycle,c
    77                           
    78                           ;main.c: 26: unsigned char config = 0b00111111 ;
    79  007F52  0E3F               	movlw	63
    80  007F54  6E0B               	movwf	main@config,c
    81                           
    82                           ;main.c: 27: unsigned char mode = 0b11111100;
    83  007F56  0EFC               	movlw	252
    84  007F58  6E0C               	movwf	main@mode,c
    85                           
    86                           ;main.c: 28: OpenPWM1( period );
    87  007F5A  500D               	movf	main@period,w,c
    88  007F5C  EC7C  F03F         	call	_OpenPWM1
    89  007F60                     l733:
    90                           
    91                           ;main.c: 31: {
    92                           ;main.c: 32: PwmCycle(period, Duty_cycle);
    93  007F60  C009  F007         	movff	main@Duty_cycle,PwmCycle@Duty_cycle
    94  007F64  C00A  F008         	movff	main@Duty_cycle+1,PwmCycle@Duty_cycle+1
    95  007F68  500D               	movf	main@period,w,c
    96  007F6A  EC92  F03F         	call	_PwmCycle
    97                           
    98                           ;main.c: 33: SetOutputPWM1(config, mode);
    99  007F6E  C00C  F001         	movff	main@mode,SetOutputPWM1@outputmode
   100  007F72  500B               	movf	main@config,w,c
   101  007F74  ECDA  F03F         	call	_SetOutputPWM1
   102  007F78  D7F3               	goto	l733
   103  007F7A                     __end_of_main:
   104                           	opt stack 0
   105                           
   106                           	psect	cinit
   107  007EE2                     __pcinit:
   108                           	opt stack 0
   109  007EE2                     start_initialization:
   110                           	opt stack 0
   111  007EE2                     __initialization:
   112                           	opt stack 0
   113  007EE2                     end_of_initialization:
   114                           	opt stack 0
   115  007EE2                     __end_of__initialization:
   116                           	opt stack 0
   117  007EE2  0100               	movlb	0
   118  007EE4  EFA3  F03F         	goto	_main	;jump to C main() function
   119                           
   120                           	psect	cstackCOMRAM
   121  000001                     __pcstackCOMRAM:
   122                           	opt stack 0
   123  000001                     OpenPWM1@period:
   124                           	opt stack 0
   125  000001                     SetOutputPWM1@outputmode:
   126                           	opt stack 0
   127  000001                     Delay1KTCYx@unit:
   128                           	opt stack 0
   129  000001                     SetDCPWM1@dutycycle:
   130                           	opt stack 0
   131                           
   132                           ; 2 bytes @ 0x0
   133  000001                     	ds	1
   134  000002                     delay_ms@t:
   135                           	opt stack 0
   136  000002                     SetOutputPWM1@outputconfig:
   137                           	opt stack 0
   138                           
   139                           ; 1 bytes @ 0x1
   140  000002                     	ds	1
   141  000003                     ??_SetDCPWM1:
   142  000003                     delay_ms@i:
   143                           	opt stack 0
   144                           
   145                           ; 1 bytes @ 0x2
   146  000003                     	ds	2
   147  000005                     SetDCPWM1@DCycle:
   148                           	opt stack 0
   149                           
   150                           ; 2 bytes @ 0x4
   151  000005                     	ds	2
   152  000007                     PwmCycle@Duty_cycle:
   153                           	opt stack 0
   154                           
   155                           ; 2 bytes @ 0x6
   156  000007                     	ds	2
   157  000009                     main@Duty_cycle:
   158                           	opt stack 0
   159                           
   160                           ; 2 bytes @ 0x8
   161  000009                     	ds	2
   162  00000B                     main@config:
   163                           	opt stack 0
   164                           
   165                           ; 1 bytes @ 0xA
   166  00000B                     	ds	1
   167  00000C                     main@mode:
   168                           	opt stack 0
   169                           
   170                           ; 1 bytes @ 0xB
   171  00000C                     	ds	1
   172  00000D                     main@period:
   173                           	opt stack 0
   174                           
   175                           ; 1 bytes @ 0xC
   176  00000D                     	ds	1
   177                           
   178 ;; *************** function _SetOutputPWM1 *****************
   179 ;; Defined at:
   180 ;;		line 22 in file "C:\Program Files (x86)\Microchip\xc8\v1.32\sources\pic18\plib\PWM\pw1setoc.c"
   181 ;; Parameters:    Size  Location     Type
   182 ;;  outputconfig    1    wreg     unsigned char 
   183 ;;  outputmode      1    0[COMRAM] unsigned char 
   184 ;; Auto vars:     Size  Location     Type
   185 ;;  outputconfig    1    1[COMRAM] unsigned char 
   186 ;;  eccpmx          1    0        unsigned char 
   187 ;; Return value:  Size  Location     Type
   188 ;;		None               void
   189 ;; Registers used:
   190 ;;		wreg, status,2, status,0
   191 ;; Tracked objects:
   192 ;;		On entry : 0/0
   193 ;;		On exit  : 0/0
   194 ;;		Unchanged: 0/0
   195 ;; Data sizes:     COMRAM   BANK0   BANK1   BANK2   BANK3   BANK4   BANK5   BANK6   BANK7
   196 ;;      Params:         1       0       0       0       0       0       0       0       0
   197 ;;      Locals:         1       0       0       0       0       0       0       0       0
   198 ;;      Temps:          0       0       0       0       0       0       0       0       0
   199 ;;      Totals:         2       0       0       0       0       0       0       0       0
   200 ;;Total ram usage:        2 bytes
   201 ;; Hardware stack levels used:    1
   202 ;; This function calls:
   203 ;;		Nothing
   204 ;; This function is called by:
   205 ;;		_main
   206 ;; This function uses a non-reentrant model
   207 ;;
   208                           
   209                           	psect	text1
   210  007FB4                     __ptext1:
   211                           	opt stack 0
   212  007FB4                     _SetOutputPWM1:
   213                           	opt stack 30
   214                           
   215                           ;incstack = 0
   216                           ;SetOutputPWM1@outputconfig stored from wreg
   217  007FB4  6E02               	movwf	SetOutputPWM1@outputconfig,c
   218  007FB6  0E3F               	movlw	63
   219  007FB8  1202               	iorwf	SetOutputPWM1@outputconfig,f,c
   220  007FBA  0EFC               	movlw	252
   221  007FBC  1201               	iorwf	SetOutputPWM1@outputmode,f,c
   222  007FBE  50BD               	movf	4029,w,c	;volatile
   223  007FC0  09C0               	iorlw	192
   224  007FC2  1402               	andwf	SetOutputPWM1@outputconfig,w,c
   225  007FC4  6EBD               	movwf	4029,c	;volatile
   226  007FC6  50BD               	movf	4029,w,c	;volatile
   227  007FC8  090F               	iorlw	15
   228  007FCA  1401               	andwf	SetOutputPWM1@outputmode,w,c
   229  007FCC  6EBD               	movwf	4029,c	;volatile
   230  007FCE  5002               	movf	SetOutputPWM1@outputconfig,w,c
   231  007FD0  0A3F               	xorlw	63
   232  007FD2  A4D8               	btfss	status,2,c
   233  007FD4  D002               	goto	l713
   234  007FD6  9494               	bcf	3988,2,c	;volatile
   235  007FD8  D012               	goto	l75
   236  007FDA                     l713:
   237  007FDA  5002               	movf	SetOutputPWM1@outputconfig,w,c
   238  007FDC  0ABF               	xorlw	191
   239  007FDE  A4D8               	btfss	status,2,c
   240  007FE0  D003               	goto	l717
   241  007FE2  9494               	bcf	3988,2,c	;volatile
   242  007FE4  9A95               	bcf	3989,5,c	;volatile
   243  007FE6  D00B               	goto	l75
   244  007FE8                     l717:
   245  007FE8  5002               	movf	SetOutputPWM1@outputconfig,w,c
   246  007FEA  0A7F               	xorlw	127
   247  007FEC  B4D8               	btfsc	status,2,c
   248  007FEE  D003               	goto	l74
   249  007FF0  2802               	incf	SetOutputPWM1@outputconfig,w,c
   250  007FF2  A4D8               	btfss	status,2,c
   251  007FF4  D004               	goto	l75
   252  007FF6                     l74:
   253  007FF6  9494               	bcf	3988,2,c	;volatile
   254  007FF8  9A95               	bcf	3989,5,c	;volatile
   255  007FFA  9C95               	bcf	3989,6,c	;volatile
   256  007FFC  9E95               	bcf	3989,7,c	;volatile
   257  007FFE                     l75:
   258  007FFE  0012               	return	
   259  008000                     __end_of_SetOutputPWM1:
   260                           	opt stack 0
   261                           status	equ	0xFD8
   262                           
   263 ;; *************** function _PwmCycle *****************
   264 ;; Defined at:
   265 ;;		line 3 in file "Pwm_1.c"
   266 ;; Parameters:    Size  Location     Type
   267 ;;  period          1    wreg     unsigned char 
   268 ;;  Duty_cycle      2    6[COMRAM] unsigned int 
   269 ;; Auto vars:     Size  Location     Type
   270 ;;  period          1    0[COMRAM] unsigned char 
   271 ;; Return value:  Size  Location     Type
   272 ;;		None               void
   273 ;; Registers used:
   274 ;;		wreg, status,2, status,0, cstack
   275 ;; Tracked objects:
   276 ;;		On entry : 0/0
   277 ;;		On exit  : 0/0
   278 ;;		Unchanged: 0/0
   279 ;; Data sizes:     COMRAM   BANK0   BANK1   BANK2   BANK3   BANK4   BANK5   BANK6   BANK7
   280 ;;      Params:         2       0       0       0       0       0       0       0       0
   281 ;;      Locals:         0       0       0       0       0       0       0       0       0
   282 ;;      Temps:          0       0       0       0       0       0       0       0       0
   283 ;;      Totals:         2       0       0       0       0       0       0       0       0
   284 ;;Total ram usage:        2 bytes
   285 ;; Hardware stack levels used:    1
   286 ;; Hardware stack levels required when called:    2
   287 ;; This function calls:
   288 ;;		_SetDCPWM1
   289 ;;		_delay_ms
   290 ;; This function is called by:
   291 ;;		_main
   292 ;; This function uses a non-reentrant model
   293 ;;
   294                           
   295                           	psect	text2
   296  007F24                     __ptext2:
   297                           	opt stack 0
   298  007F24                     _PwmCycle:
   299                           	opt stack 28
   300                           
   301                           ;Pwm_1.c: 5: while(Duty_cycle != 0xFF)
   302                           
   303                           ;incstack = 0
   304  007F24  D00B               	goto	l697
   305  007F26                     l691:
   306                           
   307                           ;Pwm_1.c: 6: {
   308                           ;Pwm_1.c: 7: SetDCPWM1(Duty_cycle);
   309  007F26  C007  F001         	movff	PwmCycle@Duty_cycle,SetDCPWM1@dutycycle
   310  007F2A  C008  F002         	movff	PwmCycle@Duty_cycle+1,SetDCPWM1@dutycycle+1
   311  007F2E  ECBD  F03F         	call	_SetDCPWM1	;wreg free
   312                           
   313                           ;Pwm_1.c: 8: Duty_cycle++;
   314  007F32  4A07               	infsnz	PwmCycle@Duty_cycle,f,c
   315  007F34  2A08               	incf	PwmCycle@Duty_cycle+1,f,c
   316                           
   317                           ;Pwm_1.c: 9: delay_ms(3);
   318  007F36  0E03               	movlw	3
   319  007F38  EC85  F03F         	call	_delay_ms
   320  007F3C                     l697:
   321  007F3C  2807               	incf	PwmCycle@Duty_cycle,w,c
   322  007F3E  1008               	iorwf	PwmCycle@Duty_cycle+1,w,c
   323  007F40  B4D8               	btfsc	status,2,c
   324  007F42  0012               	return	
   325  007F44  D7F0               	goto	l691
   326  007F46                     __end_of_PwmCycle:
   327                           	opt stack 0
   328                           status	equ	0xFD8
   329                           
   330 ;; *************** function _delay_ms *****************
   331 ;; Defined at:
   332 ;;		line 3 in file "delay.c"
   333 ;; Parameters:    Size  Location     Type
   334 ;;  t               1    wreg     unsigned char 
   335 ;; Auto vars:     Size  Location     Type
   336 ;;  t               1    1[COMRAM] unsigned char 
   337 ;;  i               1    2[COMRAM] unsigned char 
   338 ;; Return value:  Size  Location     Type
   339 ;;		None               void
   340 ;; Registers used:
   341 ;;		wreg, status,2, status,0, cstack
   342 ;; Tracked objects:
   343 ;;		On entry : 0/0
   344 ;;		On exit  : 0/0
   345 ;;		Unchanged: 0/0
   346 ;; Data sizes:     COMRAM   BANK0   BANK1   BANK2   BANK3   BANK4   BANK5   BANK6   BANK7
   347 ;;      Params:         0       0       0       0       0       0       0       0       0
   348 ;;      Locals:         2       0       0       0       0       0       0       0       0
   349 ;;      Temps:          0       0       0       0       0       0       0       0       0
   350 ;;      Totals:         2       0       0       0       0       0       0       0       0
   351 ;;Total ram usage:        2 bytes
   352 ;; Hardware stack levels used:    1
   353 ;; Hardware stack levels required when called:    1
   354 ;; This function calls:
   355 ;;		_Delay1KTCYx
   356 ;; This function is called by:
   357 ;;		_PwmCycle
   358 ;; This function uses a non-reentrant model
   359 ;;
   360                           
   361                           	psect	text3
   362  007F0A                     __ptext3:
   363                           	opt stack 0
   364  007F0A                     _delay_ms:
   365                           	opt stack 28
   366                           
   367                           ;incstack = 0
   368                           ;delay_ms@t stored from wreg
   369  007F0A  6E02               	movwf	delay_ms@t,c
   370                           
   371                           ;delay.c: 5: unsigned char i;
   372                           ;delay.c: 6: for (i=0;i<=t;i++)
   373  007F0C  0E00               	movlw	0
   374  007F0E  6E03               	movwf	delay_ms@i,c
   375  007F10  D004               	goto	l687
   376  007F12                     l683:
   377                           
   378                           ;delay.c: 7: Delay1KTCYx(5);
   379  007F12  0E05               	movlw	5
   380  007F14  EC74  F03F         	call	_Delay1KTCYx
   381  007F18  2A03               	incf	delay_ms@i,f,c
   382  007F1A                     l687:
   383  007F1A  5003               	movf	delay_ms@i,w,c
   384  007F1C  5C02               	subwf	delay_ms@t,w,c
   385  007F1E  A0D8               	btfss	status,0,c
   386                           
   387                           ;delay.c: 11: return;
   388  007F20  0012               	return	
   389  007F22  D7F7               	goto	l683
   390  007F24                     __end_of_delay_ms:
   391                           	opt stack 0
   392                           status	equ	0xFD8
   393                           
   394 ;; *************** function _Delay1KTCYx *****************
   395 ;; Defined at:
   396 ;;		line 8 in file "C:\Program Files (x86)\Microchip\xc8\v1.32\sources\pic18\d1ktcyx.c"
   397 ;; Parameters:    Size  Location     Type
   398 ;;  unit            1    wreg     unsigned char 
   399 ;; Auto vars:     Size  Location     Type
   400 ;;  unit            1    0[COMRAM] unsigned char 
   401 ;; Return value:  Size  Location     Type
   402 ;;		None               void
   403 ;; Registers used:
   404 ;;		wreg
   405 ;; Tracked objects:
   406 ;;		On entry : 0/0
   407 ;;		On exit  : 0/0
   408 ;;		Unchanged: 0/0
   409 ;; Data sizes:     COMRAM   BANK0   BANK1   BANK2   BANK3   BANK4   BANK5   BANK6   BANK7
   410 ;;      Params:         0       0       0       0       0       0       0       0       0
   411 ;;      Locals:         1       0       0       0       0       0       0       0       0
   412 ;;      Temps:          0       0       0       0       0       0       0       0       0
   413 ;;      Totals:         1       0       0       0       0       0       0       0       0
   414 ;;Total ram usage:        1 bytes
   415 ;; Hardware stack levels used:    1
   416 ;; This function calls:
   417 ;;		Nothing
   418 ;; This function is called by:
   419 ;;		_delay_ms
   420 ;; This function uses a non-reentrant model
   421 ;;
   422                           
   423                           	psect	text4
   424  007EE8                     __ptext4:
   425                           	opt stack 0
   426  007EE8                     _Delay1KTCYx:
   427                           	opt stack 28
   428                           
   429                           ;incstack = 0
   430                           ;Delay1KTCYx@unit stored from wreg
   431  007EE8  6E01               	movwf	Delay1KTCYx@unit,c
   432  007EEA                     l301:
   433  007EEA  0EFA               	movlw	250
   434  007EEC                     u97:
   435  007EEC  F000               	nop	
   436  007EEE  2EE8               	decfsz	wreg,f,c
   437  007EF0  D7FD               	goto	u97
   438  007EF2  2E01               	decfsz	Delay1KTCYx@unit,f,c
   439  007EF4  D7FA               	goto	l301
   440  007EF6  0012               	return	
   441  007EF8                     __end_of_Delay1KTCYx:
   442                           	opt stack 0
   443                           wreg	equ	0xFE8
   444                           status	equ	0xFD8
   445                           
   446 ;; *************** function _SetDCPWM1 *****************
   447 ;; Defined at:
   448 ;;		line 7 in file "C:\Program Files (x86)\Microchip\xc8\v1.32\sources\pic18\plib\PWM\pw1setdc.c"
   449 ;; Parameters:    Size  Location     Type
   450 ;;  dutycycle       2    0[COMRAM] unsigned int 
   451 ;; Auto vars:     Size  Location     Type
   452 ;;  DCycle          2    4[COMRAM] struct PWMDC
   453 ;; Return value:  Size  Location     Type
   454 ;;		None               void
   455 ;; Registers used:
   456 ;;		wreg, status,2, status,0
   457 ;; Tracked objects:
   458 ;;		On entry : 0/0
   459 ;;		On exit  : 0/0
   460 ;;		Unchanged: 0/0
   461 ;; Data sizes:     COMRAM   BANK0   BANK1   BANK2   BANK3   BANK4   BANK5   BANK6   BANK7
   462 ;;      Params:         2       0       0       0       0       0       0       0       0
   463 ;;      Locals:         2       0       0       0       0       0       0       0       0
   464 ;;      Temps:          2       0       0       0       0       0       0       0       0
   465 ;;      Totals:         6       0       0       0       0       0       0       0       0
   466 ;;Total ram usage:        6 bytes
   467 ;; Hardware stack levels used:    1
   468 ;; This function calls:
   469 ;;		Nothing
   470 ;; This function is called by:
   471 ;;		_PwmCycle
   472 ;; This function uses a non-reentrant model
   473 ;;
   474                           
   475                           	psect	text5
   476  007F7A                     __ptext5:
   477                           	opt stack 0
   478  007F7A                     _SetDCPWM1:
   479                           	opt stack 29
   480                           
   481                           ;incstack = 0
   482  007F7A  C001  F003         	movff	SetDCPWM1@dutycycle,??_SetDCPWM1
   483  007F7E  C002  F004         	movff	SetDCPWM1@dutycycle+1,??_SetDCPWM1+1
   484  007F82  0E06               	movlw	6
   485  007F84                     u15:
   486  007F84  90D8               	bcf	status,0,c
   487  007F86  3603               	rlcf	??_SetDCPWM1,f,c
   488  007F88  3604               	rlcf	??_SetDCPWM1+1,f,c
   489  007F8A  2EE8               	decfsz	wreg,f,c
   490  007F8C  D7FB               	goto	u15
   491  007F8E  C003  F005         	movff	??_SetDCPWM1,SetDCPWM1@DCycle
   492  007F92  C004  F006         	movff	??_SetDCPWM1+1,SetDCPWM1@DCycle+1
   493  007F96  C006  FFBE         	movff	SetDCPWM1@DCycle+1,4030	;volatile
   494  007F9A  C005  F003         	movff	SetDCPWM1@DCycle,??_SetDCPWM1
   495  007F9E  90D8               	bcf	status,0,c
   496  007FA0  3203               	rrcf	??_SetDCPWM1,f,c
   497  007FA2  90D8               	bcf	status,0,c
   498  007FA4  3203               	rrcf	??_SetDCPWM1,f,c
   499  007FA6  0E30               	movlw	48
   500  007FA8  1603               	andwf	??_SetDCPWM1,f,c
   501  007FAA  50BD               	movf	4029,w,c	;volatile
   502  007FAC  0BCF               	andlw	207
   503  007FAE  1003               	iorwf	??_SetDCPWM1,w,c
   504  007FB0  6EBD               	movwf	4029,c	;volatile
   505  007FB2  0012               	return	
   506  007FB4                     __end_of_SetDCPWM1:
   507                           	opt stack 0
   508                           wreg	equ	0xFE8
   509                           status	equ	0xFD8
   510                           
   511 ;; *************** function _OpenPWM1 *****************
   512 ;; Defined at:
   513 ;;		line 8 in file "C:\Program Files (x86)\Microchip\xc8\v1.32\sources\pic18\plib\PWM\pw1open.c"
   514 ;; Parameters:    Size  Location     Type
   515 ;;  period          1    wreg     unsigned char 
   516 ;; Auto vars:     Size  Location     Type
   517 ;;  period          1    0[COMRAM] unsigned char 
   518 ;; Return value:  Size  Location     Type
   519 ;;		None               void
   520 ;; Registers used:
   521 ;;		wreg, status,2, status,0
   522 ;; Tracked objects:
   523 ;;		On entry : 0/0
   524 ;;		On exit  : 0/0
   525 ;;		Unchanged: 0/0
   526 ;; Data sizes:     COMRAM   BANK0   BANK1   BANK2   BANK3   BANK4   BANK5   BANK6   BANK7
   527 ;;      Params:         0       0       0       0       0       0       0       0       0
   528 ;;      Locals:         1       0       0       0       0       0       0       0       0
   529 ;;      Temps:          0       0       0       0       0       0       0       0       0
   530 ;;      Totals:         1       0       0       0       0       0       0       0       0
   531 ;;Total ram usage:        1 bytes
   532 ;; Hardware stack levels used:    1
   533 ;; This function calls:
   534 ;;		Nothing
   535 ;; This function is called by:
   536 ;;		_main
   537 ;; This function uses a non-reentrant model
   538 ;;
   539                           
   540                           	psect	text6
   541  007EF8                     __ptext6:
   542                           	opt stack 0
   543  007EF8                     _OpenPWM1:
   544                           	opt stack 30
   545                           
   546                           ;incstack = 0
   547                           ;OpenPWM1@period stored from wreg
   548  007EF8  6E01               	movwf	OpenPWM1@period,c
   549  007EFA  0E0C               	movlw	12
   550  007EFC  12BD               	iorwf	4029,f,c	;volatile
   551  007EFE  9494               	bcf	3988,2,c	;volatile
   552  007F00  94CA               	bcf	4042,2,c	;volatile
   553  007F02  C001  FFCB         	movff	OpenPWM1@period,4043	;volatile
   554  007F06  84CA               	bsf	4042,2,c	;volatile
   555  007F08  0012               	return	
   556  007F0A                     __end_of_OpenPWM1:
   557                           	opt stack 0
   558  0000                     wreg	equ	0xFE8
   559                           status	equ	0xFD8
   560                           wreg	equ	0xFE8
   561                           status	equ	0xFD8
   562                           
   563                           	psect	rparam
   564  0000                     wreg	equ	0xFE8
   565                           status	equ	0xFD8


Data Sizes:
    Strings     0
    Constant    0
    Data        0
    BSS         0
    Persistent  0
    Stack       0

Auto Spaces:
    Space          Size  Autos    Used
    COMRAM           95     13      13
    BANK0           160      0       0
    BANK1           256      0       0
    BANK2           256      0       0
    BANK3           256      0       0
    BANK4           256      0       0
    BANK5           256      0       0
    BANK6           256      0       0
    BANK7           256      0       0

Pointer List with Targets:

    None.

Critical Paths under _main in COMRAM

    _main->_PwmCycle
    _PwmCycle->_SetDCPWM1
    _delay_ms->_Delay1KTCYx

Critical Paths under _main in BANK0

    None.

Critical Paths under _main in BANK1

    None.

Critical Paths under _main in BANK2

    None.

Critical Paths under _main in BANK3

    None.

Critical Paths under _main in BANK4

    None.

Critical Paths under _main in BANK5

    None.

Critical Paths under _main in BANK6

    None.

Critical Paths under _main in BANK7

    None.

Call Graph Tables:

 ---------------------------------------------------------------------------------
 (Depth) Function   	        Calls       Base Space   Used Autos Params    Refs
 ---------------------------------------------------------------------------------
 (0) _main                                                 5     5      0     429
                                              8 COMRAM     5     5      0
                           _OpenPWM1
                           _PwmCycle
                      _SetOutputPWM1
 ---------------------------------------------------------------------------------
 (1) _SetOutputPWM1                                        3     2      1     133
                                              0 COMRAM     2     1      1
 ---------------------------------------------------------------------------------
 (1) _PwmCycle                                             3     1      2     206
                                              6 COMRAM     2     0      2
                          _SetDCPWM1
                           _delay_ms
 ---------------------------------------------------------------------------------
 (2) _delay_ms                                             2     2      0      45
                                              1 COMRAM     2     2      0
                        _Delay1KTCYx
 ---------------------------------------------------------------------------------
 (3) _Delay1KTCYx                                          1     1      0      15
                                              0 COMRAM     1     1      0
 ---------------------------------------------------------------------------------
 (2) _SetDCPWM1                                            6     4      2      88
                                              0 COMRAM     6     4      2
 ---------------------------------------------------------------------------------
 (1) _OpenPWM1                                             1     1      0      15
                                              0 COMRAM     1     1      0
 ---------------------------------------------------------------------------------
 Estimated maximum stack depth 3
 ---------------------------------------------------------------------------------

 Call Graph Graphs:

 _main (ROOT)
   _OpenPWM1
   _PwmCycle
     _SetDCPWM1
     _delay_ms
       _Delay1KTCYx
   _SetOutputPWM1

 Address spaces:
Name               Size   Autos  Total    Cost      Usage
BITCOMRAM           5F      0       0       0        0.0%
EEDATA             100      0       0       0        0.0%
NULL                 0      0       0       0        0.0%
CODE                 0      0       0       0        0.0%
COMRAM              5F      D       D       1       13.7%
STACK                0      0       0       2        0.0%
DATA                 0      0       0       3        0.0%
BITBANK0            A0      0       0       4        0.0%
BANK0               A0      0       0       5        0.0%
BITBANK1           100      0       0       6        0.0%
BANK1              100      0       0       7        0.0%
BITBANK2           100      0       0       8        0.0%
BANK2              100      0       0       9        0.0%
BITBANK3           100      0       0      10        0.0%
BANK3              100      0       0      11        0.0%
BITBANK4           100      0       0      12        0.0%
BANK4              100      0       0      13        0.0%
BITBANK5           100      0       0      14        0.0%
BANK5              100      0       0      15        0.0%
BITBANK6           100      0       0      16        0.0%
BANK6              100      0       0      17        0.0%
BITBANK7           100      0       0      18        0.0%
BANK7              100      0       0      19        0.0%
ABS                  0      0       0      20        0.0%
BIGRAM             7FF      0       0      21        0.0%
BITSFR               0      0       0      40        0.0%
SFR                  0      0       0      40        0.0%


Microchip Technology PIC18 Macro Assembler V1.32 build 58300 
Symbol Table                                                                                   Wed Oct 01 09:36:25 2014

                       l74 7FF6                         l75 7FFE                         u15 7F84  
                       u97 7EEC                __CFG_BOR$ON 000000                __CFG_BORV$3 000000  
             __CFG_CP0$OFF 000000               __CFG_CP1$OFF 000000               __CFG_CP2$OFF 000000  
             __CFG_CP3$OFF 000000                __CFG_LVP$ON 000000                        l301 7EEA  
                      l713 7FDA                        l717 7FE8                        l733 7F60  
                      l683 7F12                        l691 7F26                        l687 7F1A  
                      l697 7F3C               __CFG_CPB$OFF 000000                        _PR2 000FCB  
             __CFG_CPD$OFF 000000                        wreg 000FE8               __CFG_FOSC$HS 000000  
    __end_of_SetOutputPWM1 8000               __CFG_WDT$OFF 000000                       _main 7F46  
                     start 0000              __CFG_IESO$OFF 000000              __CFG_MCLRE$ON 000000  
              _Delay1KTCYx 7EE8              __CFG_PLLDIV$5 000000             __CFG_CCP2MX$ON 000000  
                    ?_main 0001              __CFG_USBDIV$1 000000              __CFG_PWRT$OFF 000000  
            __CFG_WRT0$OFF 000000              __CFG_WRT1$OFF 000000              __CFG_WRT2$OFF 000000  
            __CFG_WRT3$OFF 000000             __CFG_EBTR0$OFF 000000             __CFG_FCMEN$OFF 000000  
           __CFG_EBTR1$OFF 000000             __CFG_EBTR2$OFF 000000             __CFG_EBTR3$OFF 000000  
            __CFG_WRTB$OFF 000000              __CFG_WRTC$OFF 000000              __CFG_WRTD$OFF 000000  
           __CFG_EBTRB$OFF 000000                      status 000FD8             __CFG_ICPRT$OFF 000000  
           main@Duty_cycle 0009            __initialization 7EE2               __end_of_main 7F7A  
         __end_of_OpenPWM1 7F0A                     ??_main 0009              __activetblptr 000000  
         __end_of_PwmCycle 7F46             PwmCycle@period 0001                     _CCPR1L 000FBE  
       __size_of_SetDCPWM1 003A           __end_of_delay_ms 7F24             __CFG_XINST$OFF 000000  
           __CFG_STVREN$ON 000000  SetOutputPWM1@outputconfig 0002                 __accesstop 0060  
  __end_of__initialization 7EE2            __CFG_PBADEN$OFF 000000             __pcstackCOMRAM 0001  
        __end_of_SetDCPWM1 7FB4            __CFG_LPT1OSC$ON 000000                  ?_OpenPWM1 0001  
                ?_PwmCycle 0007                    _CCP1CON 000FBD               ?_Delay1KTCYx 0001  
                ?_delay_ms 0001            __CFG_VREGEN$OFF 000000                 ??_OpenPWM1 0001  
                  __Hparam 0000                    __Lparam 0000                 ??_PwmCycle 0009  
   __size_of_SetOutputPWM1 004C                    __pcinit 7EE2                    __ramtop 0800  
                  __ptext0 7F46                    __ptext1 7FB4                    __ptext2 7F24  
                  __ptext3 7F0A                    __ptext4 7EE8                    __ptext5 7F7A  
                  __ptext6 7EF8                  _T2CONbits 000FCA                 ??_delay_ms 0002  
       PwmCycle@Duty_cycle 0007       end_of_initialization 7EE2                  _TRISCbits 000F94  
                _TRISDbits 000F95              _SetOutputPWM1 7FB4                 main@config 000B  
               main@period 000D       __size_of_Delay1KTCYx 0010        start_initialization 7EE2  
                _SetDCPWM1 7F7A            SetDCPWM1@DCycle 0005             ?_SetOutputPWM1 0001  
        __size_of_OpenPWM1 0012          __size_of_PwmCycle 0022                 ?_SetDCPWM1 0001  
        __size_of_delay_ms 001A            Delay1KTCYx@unit 0001    SetOutputPWM1@outputmode 0001  
          ??_SetOutputPWM1 0002                  delay_ms@i 0003                  delay_ms@t 0002  
         __CFG_WDTPS$32768 000000                ??_SetDCPWM1 0003         SetDCPWM1@dutycycle 0001  
                 _OpenPWM1 7EF8                   __Hrparam 0000                   __Lrparam 0000  
                 _PwmCycle 7F24             OpenPWM1@period 0001                   _delay_ms 7F0A  
            __size_of_main 0034              ??_Delay1KTCYx 0001                   main@mode 000C  
    __CFG_CPUDIV$OSC1_PLL2 000000        __end_of_Delay1KTCYx 7EF8  
